2025-03-26 10:08:46,389 - question-solver - INFO - Parsing questions from E:/data science tool/main/grok/question.py
2025-03-26 10:08:46,409 - question-solver - INFO - Found 42 questions in E:/data science tool/main/grok/question.py
2025-03-26 10:08:46,409 - question-solver - INFO - Finding match for query: What is the output of code -s?...
2025-03-26 10:08:46,410 - question-solver - INFO - Found contains match: E://data science tool//GA1//first.py
2025-03-26 10:08:46,410 - question-solver - INFO - Executing code for: E://data science tool//GA1//first.py
2025-03-26 10:08:46,410 - question-solver - INFO - Using parameters: code -s
2025-03-26 10:09:43,234 - question-solver - INFO - Parsing questions from E:/data science tool/main/grok/question.py
2025-03-26 10:09:43,241 - question-solver - INFO - Found 42 questions in E:/data science tool/main/grok/question.py
2025-03-26 10:09:43,242 - question-solver - INFO - Finding match for query: nning uv run --with httpie -- https [URL] installs...
2025-03-26 10:09:43,247 - question-solver - WARNING - No good match found for query: nning uv run --with httpie -- https [url] installs...
2025-03-26 10:10:22,679 - question-solver - INFO - Parsing questions from E:/data science tool/main/grok/question.py
2025-03-26 10:10:22,689 - question-solver - INFO - Found 42 questions in E:/data science tool/main/grok/question.py
2025-03-26 10:10:22,689 - question-solver - INFO - Finding match for query: Running uv run --with httpie -- https [URL] instal...
2025-03-26 10:10:22,694 - question-solver - WARNING - No good match found for query: running uv run --with httpie -- https [url] instal...
2025-03-26 10:11:19,995 - question-solver - INFO - Parsing questions from E:/data science tool/main/grok/question.py
2025-03-26 10:11:20,022 - question-solver - INFO - Found 42 questions in E:/data science tool/main/grok/question.py
2025-03-26 10:11:20,023 - question-solver - INFO - Finding match for query: Let's make sure you know how to use npx and pretti...
2025-03-26 10:11:20,023 - question-solver - INFO - Found contains match: E://data science tool//GA1//second.py
2025-03-26 10:11:20,023 - question-solver - INFO - Executing code for: E://data science tool//GA1//second.py
2025-03-26 10:11:20,023 - question-solver - INFO - Using parameters: ['url', 'email']
2025-03-26 10:11:20,581 - question-solver - ERROR - Error executing code: name 'requests' is not defined
2025-03-26 10:11:20,584 - question-solver - ERROR - Traceback (most recent call last):
  File "e:\data science tool\main\grok\question_executor.py", line 273, in execute_code_block
    exec(temp_code, globals(), namespace)
    ~~~~^^^^^^^^^^^^^^^^^^^^^^^^^^^^^^^^^
  File "<string>", line 9, in <module>
  File "<string>", line 4, in send_request
NameError: name 'requests' is not defined

2025-03-26 10:14:35,837 - question-solver - INFO - Parsing questions from E:/data science tool/main/grok/question.py
2025-03-26 10:14:35,866 - question-solver - INFO - Found 46 questions in E:/data science tool/main/grok/question.py
2025-03-26 10:14:35,866 - question-solver - INFO - Finding match for query: Let's make sure you know how to use npx and pretti...
2025-03-26 10:14:35,867 - question-solver - INFO - Found content match: E://data science tool//GA1//second.py
2025-03-26 10:14:35,867 - question-solver - INFO - Executing code for: E://data science tool//GA1//second.py
2025-03-26 10:14:35,867 - question-solver - INFO - Using parameters: ['url', 'email']
2025-03-26 10:14:36,381 - question-solver - ERROR - Error executing code: name 'requests' is not defined
2025-03-26 10:14:36,385 - question-solver - ERROR - Traceback (most recent call last):
  File "e:\data science tool\main\grok\question_executor.py", line 324, in execute_code_block
    exec(temp_code, globals(), namespace)
    ~~~~^^^^^^^^^^^^^^^^^^^^^^^^^^^^^^^^^
  File "<string>", line 9, in <module>
  File "<string>", line 4, in send_request
NameError: name 'requests' is not defined

2025-03-26 10:14:45,946 - question-solver - INFO - Parsing questions from E:/data science tool/main/grok/question.py
2025-03-26 10:14:45,953 - question-solver - INFO - Found 46 questions in E:/data science tool/main/grok/question.py
2025-03-26 10:14:45,954 - question-solver - INFO - Finding match for query: what is output of code -s...
2025-03-26 10:14:45,954 - question-solver - INFO - Found specific keyword match for 'code -s': E://data science tool//GA1//first.py
2025-03-26 10:14:45,954 - question-solver - INFO - Executing code for: E://data science tool//GA1//first.py
2025-03-26 10:14:45,955 - question-solver - INFO - Using parameters: code -s
2025-03-26 10:15:13,009 - question-solver - INFO - Parsing questions from E:/data science tool/main/grok/question.py
2025-03-26 10:15:13,014 - question-solver - INFO - Found 46 questions in E:/data science tool/main/grok/question.py
2025-03-26 10:15:13,015 - question-solver - INFO - Finding match for query: Let's make sure you know how to use npx and pretti...
2025-03-26 10:15:13,015 - question-solver - INFO - Found content match: E://data science tool//GA1//second.py
2025-03-26 10:15:13,016 - question-solver - INFO - Executing code for: E://data science tool//GA1//second.py
2025-03-26 10:15:13,016 - question-solver - INFO - Using parameters: ['url', 'email']
2025-03-26 10:15:13,016 - question-solver - ERROR - Error executing code: name 'requests' is not defined
2025-03-26 10:15:13,017 - question-solver - ERROR - Traceback (most recent call last):
  File "e:\data science tool\main\grok\question_executor.py", line 324, in execute_code_block
    exec(temp_code, globals(), namespace)
    ~~~~^^^^^^^^^^^^^^^^^^^^^^^^^^^^^^^^^
  File "<string>", line 9, in <module>
  File "<string>", line 4, in send_request
NameError: name 'requests' is not defined

2025-03-26 10:15:57,461 - question-solver - INFO - Parsing questions from E:/data science tool/main/grok/question.py
2025-03-26 10:15:57,467 - question-solver - INFO - Found 46 questions in E:/data science tool/main/grok/question.py
2025-03-26 10:15:57,467 - question-solver - INFO - Finding match for query: How many Wednesdays are there in the date range 19...
2025-03-26 10:15:57,469 - question-solver - WARNING - No good match found for query: how many wednesdays are there in the date range 19...
2025-03-26 10:16:20,647 - question-solver - INFO - Parsing questions from E:/data science tool/main/grok/question.py
2025-03-26 10:16:20,653 - question-solver - INFO - Found 46 questions in E:/data science tool/main/grok/question.py
2025-03-26 10:16:20,654 - question-solver - INFO - Finding match for query: file name is q-extract-csv-zip.zip and unzip file ...
2025-03-26 10:16:20,656 - question-solver - WARNING - No good match found for query: file name is q-extract-csv-zip.zip and unzip file ...
2025-03-26 10:22:54,264 - question-solver - INFO - Parsing questions from E:/data science tool/main/grok/question.py
2025-03-26 10:22:54,290 - question-solver - INFO - Found 46 questions in E:/data science tool/main/grok/question.py
2025-03-26 10:22:54,291 - question-solver - INFO - Finding match for query: file name is q-extract-csv-zip.zip and unzip file ...
2025-03-26 10:22:54,293 - question-solver - WARNING - No good match found for query: file name is q-extract-csv-zip.zip and unzip file ...
2025-03-26 10:30:21,412 - question-solver - INFO - Parsing questions from E:/data science tool/main/grok/question.py
2025-03-26 10:30:21,439 - question-solver - INFO - Found 46 questions in E:/data science tool/main/grok/question.py
2025-03-26 10:30:21,439 - question-solver - INFO - Finding match for query: file name is q-extract-csv-zip.zip and unzip file ...
2025-03-26 10:30:21,442 - question-solver - WARNING - No good match found for query: file name is q-extract-csv-zip.zip and unzip file ...
2025-03-26 10:30:40,737 - question-solver - INFO - Parsing questions from E:/data science tool/main/grok/question.py
2025-03-26 10:30:40,743 - question-solver - INFO - Found 46 questions in E:/data science tool/main/grok/question.py
2025-03-26 10:30:40,744 - question-solver - INFO - Finding match for query: what is output of code -s...
2025-03-26 10:30:40,745 - question-solver - WARNING - No good match found for query: what is output of code -s...
2025-03-26 10:31:09,881 - question-solver - INFO - Parsing questions from E:/data science tool/main/grok/question.py
2025-03-26 10:31:09,887 - question-solver - INFO - Found 46 questions in E:/data science tool/main/grok/question.py
2025-03-26 10:31:09,887 - question-solver - INFO - Finding match for query: python -u "e:\data science tool\main\grok\question...
2025-03-26 10:31:09,889 - question-solver - WARNING - No good match found for query: python -u "e:\data science tool\main\grok\question...
2025-03-26 10:31:29,151 - question-solver - INFO - Parsing questions from E:/data science tool/main/grok/question.py
2025-03-26 10:31:29,162 - question-solver - INFO - Found 46 questions in E:/data science tool/main/grok/question.py
2025-03-26 10:31:29,163 - question-solver - INFO - Finding match for query: file name is q-extract-csv-zip.zip and unzip file ...
2025-03-26 10:31:29,166 - question-solver - WARNING - No good match found for query: file name is q-extract-csv-zip.zip and unzip file ...
2025-03-26 10:31:42,744 - question-solver - INFO - Parsing questions from E:/data science tool/main/grok/question.py
2025-03-26 10:31:42,750 - question-solver - INFO - Found 46 questions in E:/data science tool/main/grok/question.py
2025-03-26 10:31:42,750 - question-solver - INFO - Finding match for query: How many Wednesdays are there in the date range 19...
2025-03-26 10:31:42,753 - question-solver - WARNING - No good match found for query: how many wednesdays are there in the date range 19...
2025-03-26 10:33:21,435 - question-solver - INFO - Parsing questions from E:/data science tool/main/grok/question.py
2025-03-26 10:33:21,454 - question-solver - INFO - Found 46 questions in E:/data science tool/main/grok/question.py
2025-03-26 10:33:21,455 - question-solver - INFO - Finding match for query: python -u "e:\data science tool\main\grok\vickys_m...
2025-03-26 10:33:21,457 - question-solver - WARNING - No good match found for query: python -u "e:\data science tool\main\grok\vickys_m...
